<?xml version="1.0" encoding="UTF-8"?>
<!-- Generated by org.testng.reporters.JUnitReportReporter -->
<testsuite skipped="0" hostname="LAPTOP-HAGVT14E" name="change_request.CreateChangeRequestWithoutBody" tests="1" failures="0" timestamp="23 Jan 2024 19:00:05 GMT" time="4.474" errors="0">
  <testcase name="createChangeRequest" time="4.474" classname="change_request.CreateChangeRequestWithoutBody"/>
</testsuite> <!-- change_request.CreateChangeRequestWithoutBody -->
