<?xml version="1.0" encoding="UTF-8"?>
<!-- Generated by org.testng.reporters.JUnitReportReporter -->
<testsuite skipped="0" hostname="LAPTOP-HAGVT14E" name="change_request.DeleteChangeRequest" tests="1" failures="0" timestamp="23 Jan 2024 19:12:56 GMT" time="3.992" errors="0">
  <testcase name="deleteChangeRequest" time="3.992" classname="change_request.DeleteChangeRequest"/>
</testsuite> <!-- change_request.DeleteChangeRequest -->
