<?xml version="1.0" encoding="UTF-8"?>
<!-- Generated by org.testng.reporters.JUnitReportReporter -->
<testsuite skipped="0" hostname="LAPTOP-HAGVT14E" name="change_request.getAllIncidents" tests="1" failures="0" timestamp="22 Jan 2024 12:14:09 GMT" time="4.482" errors="0">
  <testcase name="get_All_Incidents" time="4.482" classname="change_request.getAllIncidents"/>
</testsuite> <!-- change_request.getAllIncidents -->
