<?xml version="1.0" encoding="UTF-8"?>
<!-- Generated by org.testng.reporters.JUnitReportReporter -->
<testsuite skipped="0" hostname="LAPTOP-HAGVT14E" name="problem.CreateANewProblem" tests="2" failures="0" timestamp="30 Jan 2024 10:19:48 GMT" time="5.989" errors="0">
  <testcase name="createNewProblem" time="3.729" classname="problem.CreateANewProblem"/>
  <testcase name="createNewProblem" time="2.260" classname="problem.CreateANewProblem"/>
</testsuite> <!-- problem.CreateANewProblem -->
