<?xml version="1.0" encoding="UTF-8"?>
<!-- Generated by org.testng.reporters.JUnitReportReporter -->
<testsuite skipped="0" hostname="LAPTOP-HAGVT14E" name="problem.UpdateSpecificProblem" tests="1" failures="0" timestamp="30 Jan 2024 10:20:21 GMT" time="3.912" errors="0">
  <testcase name="updateSpecificProblem" time="3.912" classname="problem.UpdateSpecificProblem"/>
</testsuite> <!-- problem.UpdateSpecificProblem -->
