<?xml version="1.0" encoding="UTF-8"?>
<!-- Generated by org.testng.reporters.JUnitReportReporter -->
<testsuite skipped="0" hostname="LAPTOP-HAGVT14E" name="problem.GetASpecificProblem" tests="1" failures="0" timestamp="30 Jan 2024 10:20:08 GMT" time="3.650" errors="0">
  <testcase name="getSpecificProblem" time="3.650" classname="problem.GetASpecificProblem"/>
</testsuite> <!-- problem.GetASpecificProblem -->
