<?xml version="1.0" encoding="UTF-8"?>
<!-- Generated by org.testng.reporters.JUnitReportReporter -->
<testsuite skipped="0" hostname="LAPTOP-HAGVT14E" name="change_request.GetSpecificChangeRequest_XML" tests="1" failures="0" timestamp="22 Jan 2024 12:24:29 GMT" time="4.572" errors="0">
  <testcase name="getASpecificChangeRequest" time="4.572" classname="change_request.GetSpecificChangeRequest_XML"/>
</testsuite> <!-- change_request.GetSpecificChangeRequest_XML -->
