<?xml version="1.0" encoding="UTF-8"?>
<!-- Generated by org.testng.reporters.JUnitReportReporter -->
<testsuite skipped="0" hostname="LAPTOP-HAGVT14E" name="problem.DeleteSpecificProblem" tests="1" failures="0" timestamp="03 Feb 2024 16:31:19 GMT" time="2.860" errors="0">
  <testcase name="deleteSpecificProblem" time="2.860" classname="problem.DeleteSpecificProblem"/>
</testsuite> <!-- problem.DeleteSpecificProblem -->
