<?xml version="1.0" encoding="UTF-8"?>
<!-- Generated by org.testng.reporters.JUnitReportReporter -->
<testsuite skipped="0" hostname="LAPTOP-HAGVT14E" name="chaining.GetASpecificProblem" tests="1" failures="0" timestamp="04 Feb 2024 19:05:24 GMT" time="3.236" errors="0">
  <testcase name="getSpecificProblem" time="3.236" classname="chaining.GetASpecificProblem"/>
</testsuite> <!-- chaining.GetASpecificProblem -->
