<?xml version="1.0" encoding="UTF-8"?>
<!-- Generated by org.testng.reporters.JUnitReportReporter -->
<testsuite skipped="1" hostname="LAPTOP-HAGVT14E" name="read_excel.ReadExcelData" tests="1" failures="0" timestamp="24 Jan 2024 10:14:26 GMT" time="0.000" errors="0">
  <testcase name="printExcelData" time="0.000" classname="read_excel.ReadExcelData">
    <skipped/>
  </testcase> <!-- printExcelData -->
</testsuite> <!-- read_excel.ReadExcelData -->
