<?xml version="1.0" encoding="UTF-8"?>
<!-- Generated by org.testng.reporters.JUnitReportReporter -->
<testsuite skipped="0" hostname="LAPTOP-HAGVT14E" name="chaining.CreateANewProblem" tests="2" failures="0" timestamp="04 Feb 2024 20:15:31 GMT" time="8.042" errors="0">
  <testcase name="createNewProblem" time="3.385" classname="chaining.CreateANewProblem"/>
  <testcase name="createNewProblem" time="4.657" classname="chaining.CreateANewProblem"/>
</testsuite> <!-- chaining.CreateANewProblem -->
