<?xml version="1.0" encoding="UTF-8"?>
<!-- Generated by org.testng.reporters.JUnitReportReporter -->
<testsuite skipped="0" hostname="LAPTOP-HAGVT14E" name="chaining.DeleteSpecificProblem" tests="1" failures="0" timestamp="04 Feb 2024 19:05:24 GMT" time="3.421" errors="0">
  <testcase name="deleteSpecificProblem" time="3.421" classname="chaining.DeleteSpecificProblem"/>
</testsuite> <!-- chaining.DeleteSpecificProblem -->
