<?xml version="1.0" encoding="UTF-8"?>
<!-- Generated by org.testng.reporters.JUnitReportReporter -->
<testsuite skipped="0" hostname="LAPTOP-HAGVT14E" name="change_request.UpdateChangeRequestUsingFile" tests="1" failures="0" timestamp="23 Jan 2024 19:08:50 GMT" time="4.699" errors="0">
  <testcase name="updateChangeRequest" time="4.699" classname="change_request.UpdateChangeRequestUsingFile"/>
</testsuite> <!-- change_request.UpdateChangeRequestUsingFile -->
