<?xml version="1.0" encoding="UTF-8"?>
<!-- Generated by org.testng.reporters.JUnitReportReporter -->
<testsuite skipped="0" hostname="LAPTOP-HAGVT14E" name="change_request.CreateChangeRequestUsingMultipleFiles" tests="2" failures="0" timestamp="23 Jan 2024 19:08:14 GMT" time="7.997" errors="0">
  <testcase name="createChangeRequestUsingFile" time="4.738" classname="change_request.CreateChangeRequestUsingMultipleFiles"/>
  <testcase name="createChangeRequestUsingFile" time="3.259" classname="change_request.CreateChangeRequestUsingMultipleFiles"/>
</testsuite> <!-- change_request.CreateChangeRequestUsingMultipleFiles -->
