<?xml version="1.0" encoding="UTF-8"?>
<!-- Generated by org.testng.reporters.JUnitReportReporter -->
<testsuite skipped="0" hostname="LAPTOP-HAGVT14E" name="change_request.GetAllChangeRequests" tests="1" failures="0" timestamp="04 Feb 2024 20:20:32 GMT" time="4.740" errors="0">
  <testcase name="getAllChangeRequests" time="4.740" classname="change_request.GetAllChangeRequests"/>
</testsuite> <!-- change_request.GetAllChangeRequests -->
