<?xml version="1.0" encoding="UTF-8"?>
<!-- Generated by org.testng.reporters.JUnitReportReporter -->
<testsuite skipped="0" hostname="LAPTOP-HAGVT14E" name="problem.CreateNewProblem" tests="2" failures="0" timestamp="30 Jan 2024 09:35:17 GMT" time="6.890" errors="0">
  <testcase name="createNewProblem" time="4.636" classname="problem.CreateNewProblem"/>
  <testcase name="createNewProblem" time="2.254" classname="problem.CreateNewProblem"/>
</testsuite> <!-- problem.CreateNewProblem -->
