<?xml version="1.0" encoding="UTF-8"?>
<!-- Generated by org.testng.reporters.JUnitReportReporter -->
<testsuite skipped="0" hostname="LAPTOP-HAGVT14E" name="read_excel.PrintExcelValue" tests="8" failures="0" timestamp="25 Jan 2024 06:21:49 GMT" time="0.026" errors="0">
  <testcase name="printExcelData" time="0.001" classname="read_excel.PrintExcelValue"/>
  <testcase name="printExcelData" time="0.002" classname="read_excel.PrintExcelValue"/>
  <testcase name="printExcelData" time="0.001" classname="read_excel.PrintExcelValue"/>
  <testcase name="printExcelData" time="0.001" classname="read_excel.PrintExcelValue"/>
  <testcase name="printExcelData" time="0.002" classname="read_excel.PrintExcelValue"/>
  <testcase name="printExcelData" time="0.001" classname="read_excel.PrintExcelValue"/>
  <testcase name="printExcelData" time="0.000" classname="read_excel.PrintExcelValue"/>
  <testcase name="printExcelData" time="0.018" classname="read_excel.PrintExcelValue"/>
</testsuite> <!-- read_excel.PrintExcelValue -->
