<?xml version="1.0" encoding="UTF-8"?>
<!-- Generated by org.testng.reporters.JUnitReportReporter -->
<testsuite skipped="0" hostname="LAPTOP-HAGVT14E" name="change_request.GetASpecificChangeRequest_XML" tests="1" failures="0" timestamp="22 Jan 2024 16:47:59 GMT" time="5.545" errors="0">
  <testcase name="getASpecificChangeRequest" time="5.545" classname="change_request.GetASpecificChangeRequest_XML"/>
</testsuite> <!-- change_request.GetASpecificChangeRequest_XML -->
